[2021-09-16 16:28:58:15683][main] WARN  o.s.boot.StartupInfoLogger - InetAddress.getLocalHost().getHostName() took 5003 milliseconds to respond. Please verify your network configuration (macOS machines may need to add entries to /etc/hosts).
[2021-09-16 16:29:03:20689][main] INFO  com.example.log.LogApplication - Starting LogApplication using Java 1.8.0_281 on kim.local with PID 3856 (/Users/bobby/Desktop/kim/study/Study/blog/log/build/classes/java/main started by bobby in /Users/bobby/Desktop/kim/study/Study/blog/log)
[2021-09-16 16:29:03:20690][main] INFO  com.example.log.LogApplication - The following profiles are active: common,local
[2021-09-16 16:29:04:21411][main] INFO  o.s.b.w.e.tomcat.TomcatWebServer - Tomcat initialized with port(s): 8080 (http)
[2021-09-16 16:29:04:21423][main] INFO  o.a.coyote.http11.Http11NioProtocol - Initializing ProtocolHandler ["http-nio-8080"]
[2021-09-16 16:29:04:21423][main] INFO  o.a.catalina.core.StandardService - Starting service [Tomcat]
[2021-09-16 16:29:04:21423][main] INFO  o.a.catalina.core.StandardEngine - Starting Servlet engine: [Apache Tomcat/9.0.52]
[2021-09-16 16:29:04:21501][main] INFO  o.a.c.c.C.[Tomcat].[localhost].[/] - Initializing Spring embedded WebApplicationContext
[2021-09-16 16:29:04:21501][main] INFO  o.s.b.w.s.c.ServletWebServerApplicationContext - Root WebApplicationContext: initialization completed in 766 ms
[2021-09-16 16:29:04:21788][main] INFO  o.a.coyote.http11.Http11NioProtocol - Starting ProtocolHandler ["http-nio-8080"]
[2021-09-16 16:29:04:21813][main] INFO  o.s.b.w.e.tomcat.TomcatWebServer - Tomcat started on port(s): 8080 (http) with context path ''
[2021-09-16 16:29:04:21823][main] INFO  com.example.log.LogApplication - Started LogApplication in 21.645 seconds (JVM running for 27.165)
[2021-09-16 16:29:16:34231][http-nio-8080-exec-1] INFO  o.a.c.c.C.[Tomcat].[localhost].[/] - Initializing Spring DispatcherServlet 'dispatcherServlet'
[2021-09-16 16:29:16:34232][http-nio-8080-exec-1] INFO  o.s.web.servlet.DispatcherServlet - Initializing Servlet 'dispatcherServlet'
[2021-09-16 16:29:16:34233][http-nio-8080-exec-1] INFO  o.s.web.servlet.DispatcherServlet - Completed initialization in 1 ms
[2021-09-16 16:29:16:34250][http-nio-8080-exec-1] ERROR c.e.log.controller.TestController - controller error log
[2021-09-16 16:29:16:34250][http-nio-8080-exec-1] WARN  com.example.log.service.TestService - service warn log
[2021-09-16 16:29:16:34250][http-nio-8080-exec-1] ERROR com.example.log.service.TestService - service error log
[2021-09-16 16:52:43:15840][main] WARN  o.s.boot.StartupInfoLogger - InetAddress.getLocalHost().getHostName() took 5003 milliseconds to respond. Please verify your network configuration (macOS machines may need to add entries to /etc/hosts).
[2021-09-16 16:52:48:20851][main] INFO  com.example.log.LogApplication - Starting LogApplication using Java 1.8.0_281 on kim.local with PID 4068 (/Users/bobby/Desktop/kim/study/Study/blog/log/build/libs/log-0.0.1-SNAPSHOT.jar started by bobby in /Users/bobby/Desktop/kim/study/Study/blog/log)
[2021-09-16 16:52:48:20852][main] INFO  com.example.log.LogApplication - The following profiles are active: common,dev
[2021-09-16 16:52:49:21841][main] INFO  o.s.b.w.e.tomcat.TomcatWebServer - Tomcat initialized with port(s): 8080 (http)
[2021-09-16 16:52:49:21854][main] INFO  o.a.coyote.http11.Http11NioProtocol - Initializing ProtocolHandler ["http-nio-8080"]
[2021-09-16 16:52:49:21855][main] INFO  o.a.catalina.core.StandardService - Starting service [Tomcat]
[2021-09-16 16:52:49:21855][main] INFO  o.a.catalina.core.StandardEngine - Starting Servlet engine: [Apache Tomcat/9.0.52]
[2021-09-16 16:52:49:21915][main] INFO  o.a.c.c.C.[Tomcat].[localhost].[/] - Initializing Spring embedded WebApplicationContext
[2021-09-16 16:52:49:21915][main] INFO  o.s.b.w.s.c.ServletWebServerApplicationContext - Root WebApplicationContext: initialization completed in 1003 ms
[2021-09-16 16:52:49:22260][main] INFO  o.a.coyote.http11.Http11NioProtocol - Starting ProtocolHandler ["http-nio-8080"]
[2021-09-16 16:52:49:22285][main] INFO  o.s.b.w.e.tomcat.TomcatWebServer - Tomcat started on port(s): 8080 (http) with context path ''
[2021-09-16 16:52:49:22296][main] INFO  com.example.log.LogApplication - Started LogApplication in 22.101 seconds (JVM running for 22.539)
[2021-09-16 16:54:15:107884][http-nio-8080-exec-1] INFO  o.a.c.c.C.[Tomcat].[localhost].[/] - Initializing Spring DispatcherServlet 'dispatcherServlet'
[2021-09-16 16:54:15:107886][http-nio-8080-exec-1] INFO  o.s.web.servlet.DispatcherServlet - Initializing Servlet 'dispatcherServlet'
[2021-09-16 16:54:15:107889][http-nio-8080-exec-1] INFO  o.s.web.servlet.DispatcherServlet - Completed initialization in 3 ms
[2021-09-16 16:54:15:108015][http-nio-8080-exec-1] ERROR c.e.log.controller.TestController - controller error log
[2021-09-16 16:54:15:108016][http-nio-8080-exec-1] WARN  com.example.log.service.TestService - service warn log
[2021-09-16 16:54:15:108016][http-nio-8080-exec-1] ERROR com.example.log.service.TestService - service error log
[2021-09-16 16:55:12:15981][main] WARN  o.s.boot.StartupInfoLogger - InetAddress.getLocalHost().getHostName() took 5004 milliseconds to respond. Please verify your network configuration (macOS machines may need to add entries to /etc/hosts).
[2021-09-16 16:55:17:20994][main] INFO  com.example.log.LogApplication - Starting LogApplication using Java 1.8.0_281 on kim.local with PID 4166 (/Users/bobby/Desktop/kim/study/Study/blog/log/build/libs/log-0.0.1-SNAPSHOT.jar started by bobby in /Users/bobby/Desktop/kim/study/Study/blog/log)
[2021-09-16 16:55:17:20995][main] INFO  com.example.log.LogApplication - The following profiles are active: common,dev
[2021-09-16 16:55:18:22066][main] INFO  o.s.b.w.e.tomcat.TomcatWebServer - Tomcat initialized with port(s): 8080 (http)
[2021-09-16 16:55:18:22081][main] INFO  o.a.coyote.http11.Http11NioProtocol - Initializing ProtocolHandler ["http-nio-8080"]
[2021-09-16 16:55:18:22082][main] INFO  o.a.catalina.core.StandardService - Starting service [Tomcat]
[2021-09-16 16:55:18:22082][main] INFO  o.a.catalina.core.StandardEngine - Starting Servlet engine: [Apache Tomcat/9.0.52]
[2021-09-16 16:55:18:22138][main] INFO  o.a.c.c.C.[Tomcat].[localhost].[/] - Initializing Spring embedded WebApplicationContext
[2021-09-16 16:55:18:22138][main] INFO  o.s.b.w.s.c.ServletWebServerApplicationContext - Root WebApplicationContext: initialization completed in 1079 ms
[2021-09-16 16:55:18:22521][main] INFO  o.a.coyote.http11.Http11NioProtocol - Starting ProtocolHandler ["http-nio-8080"]
[2021-09-16 16:55:18:22555][main] INFO  o.s.b.w.e.tomcat.TomcatWebServer - Tomcat started on port(s): 8080 (http) with context path ''
[2021-09-16 16:55:18:22569][main] INFO  com.example.log.LogApplication - Started LogApplication in 22.339 seconds (JVM running for 22.845)
[2021-09-16 16:55:48:52072][http-nio-8080-exec-1] INFO  o.a.c.c.C.[Tomcat].[localhost].[/] - Initializing Spring DispatcherServlet 'dispatcherServlet'
[2021-09-16 16:55:48:52073][http-nio-8080-exec-1] INFO  o.s.web.servlet.DispatcherServlet - Initializing Servlet 'dispatcherServlet'
[2021-09-16 16:55:48:52074][http-nio-8080-exec-1] INFO  o.s.web.servlet.DispatcherServlet - Completed initialization in 1 ms
[2021-09-16 16:55:48:52159][http-nio-8080-exec-1] ERROR c.e.log.controller.TestController - controller error log
[2021-09-16 16:55:48:52160][http-nio-8080-exec-1] WARN  com.example.log.service.TestService - service warn log
[2021-09-16 16:55:48:52160][http-nio-8080-exec-1] ERROR com.example.log.service.TestService - service error log
[2021-09-16 16:57:50:15830][main] WARN  o.s.boot.StartupInfoLogger - InetAddress.getLocalHost().getHostName() took 5004 milliseconds to respond. Please verify your network configuration (macOS machines may need to add entries to /etc/hosts).
[2021-09-16 16:57:55:20842][main] INFO  com.example.log.LogApplication - Starting LogApplication using Java 1.8.0_281 on kim.local with PID 4275 (/Users/bobby/Desktop/kim/study/Study/blog/log/build/libs/log-0.0.1-SNAPSHOT.jar started by bobby in /Users/bobby/Desktop/kim/study/Study/blog/log)
[2021-09-16 16:57:55:20843][main] INFO  com.example.log.LogApplication - The following profiles are active: common,prod
[2021-09-16 16:57:56:21819][main] INFO  o.s.b.w.e.tomcat.TomcatWebServer - Tomcat initialized with port(s): 8080 (http)
[2021-09-16 16:57:56:21846][main] INFO  o.a.coyote.http11.Http11NioProtocol - Initializing ProtocolHandler ["http-nio-8080"]
[2021-09-16 16:57:56:21847][main] INFO  o.a.catalina.core.StandardService - Starting service [Tomcat]
[2021-09-16 16:57:56:21848][main] INFO  o.a.catalina.core.StandardEngine - Starting Servlet engine: [Apache Tomcat/9.0.52]
[2021-09-16 16:57:56:21921][main] INFO  o.a.c.c.C.[Tomcat].[localhost].[/] - Initializing Spring embedded WebApplicationContext
[2021-09-16 16:57:56:21921][main] INFO  o.s.b.w.s.c.ServletWebServerApplicationContext - Root WebApplicationContext: initialization completed in 1014 ms
[2021-09-16 16:57:57:22263][main] INFO  o.a.coyote.http11.Http11NioProtocol - Starting ProtocolHandler ["http-nio-8080"]
[2021-09-16 16:57:57:22294][main] INFO  o.s.b.w.e.tomcat.TomcatWebServer - Tomcat started on port(s): 8080 (http) with context path ''
[2021-09-16 16:57:57:22308][main] INFO  com.example.log.LogApplication - Started LogApplication in 22.12 seconds (JVM running for 22.553)
[2021-09-16 16:58:02:27842][http-nio-8080-exec-1] INFO  o.a.c.c.C.[Tomcat].[localhost].[/] - Initializing Spring DispatcherServlet 'dispatcherServlet'
[2021-09-16 16:58:02:27843][http-nio-8080-exec-1] INFO  o.s.web.servlet.DispatcherServlet - Initializing Servlet 'dispatcherServlet'
[2021-09-16 16:58:02:27844][http-nio-8080-exec-1] INFO  o.s.web.servlet.DispatcherServlet - Completed initialization in 1 ms
[2021-09-16 16:58:02:27920][http-nio-8080-exec-1] ERROR c.e.log.controller.TestController - controller error log
[2021-09-16 16:58:02:27920][http-nio-8080-exec-1] WARN  com.example.log.service.TestService - service warn log
[2021-09-16 16:58:02:27920][http-nio-8080-exec-1] ERROR com.example.log.service.TestService - service error log
